\BOOKMARK [1][-]{section.1}{Einleitung}{}% 1
\BOOKMARK [1][-]{section.2}{Zielbestimmung}{}% 2
\BOOKMARK [2][-]{subsection.2.1}{Musskriterien}{section.2}% 3
\BOOKMARK [2][-]{subsection.2.2}{Wunschkritierien}{section.2}% 4
\BOOKMARK [1][-]{section.3}{Produkteinsatz}{}% 5
\BOOKMARK [2][-]{subsection.3.1}{Anwendungsbereich}{section.3}% 6
\BOOKMARK [2][-]{subsection.3.2}{Zielgruppe}{section.3}% 7
\BOOKMARK [2][-]{subsection.3.3}{Betriebsbedingungen}{section.3}% 8
\BOOKMARK [1][-]{section.4}{Produktumgebung}{}% 9
\BOOKMARK [1][-]{section.5}{Funktionelle Anforderungen}{}% 10
\BOOKMARK [2][-]{subsection.5.1}{Client}{section.5}% 11
\BOOKMARK [2][-]{subsection.5.2}{Server}{section.5}% 12
\BOOKMARK [1][-]{section.6}{Produktdaten}{}% 13
\BOOKMARK [2][-]{subsection.6.1}{Userdaten}{section.6}% 14
\BOOKMARK [2][-]{subsection.6.2}{Spieldaten}{section.6}% 15
\BOOKMARK [1][-]{section.7}{Nichtfunktionale Anforderungen}{}% 16
\BOOKMARK [1][-]{section.8}{Globale Testf\344lle}{}% 17
\BOOKMARK [1][-]{section.9}{Systemmodelle}{}% 18
\BOOKMARK [2][-]{subsection.9.1}{Szenarien}{section.9}% 19
\BOOKMARK [2][-]{subsection.9.2}{Anwendungsf\344lle}{section.9}% 20
