\BOOKMARK [1][-]{section.1}{Entwurfsentscheidungen}{}% 1
\BOOKMARK [2][-]{subsection.1.1}{Paketdiagramm}{section.1}% 2
\BOOKMARK [2][-]{subsection.1.2}{Server}{section.1}% 3
\BOOKMARK [2][-]{subsection.1.3}{GUI}{section.1}% 4
\BOOKMARK [2][-]{subsection.1.4}{Spiellogik}{section.1}% 5
\BOOKMARK [1][-]{section.2}{Klassendiagramme}{}% 6
\BOOKMARK [2][-]{subsection.2.1}{Spiel}{section.2}% 7
\BOOKMARK [3][-]{subsubsection.2.1.1}{Game}{subsection.2.1}% 8
\BOOKMARK [3][-]{subsubsection.2.1.2}{RuleProvider}{subsection.2.1}% 9
\BOOKMARK [3][-]{subsubsection.2.1.3}{BoardState}{subsection.2.1}% 10
\BOOKMARK [3][-]{subsubsection.2.1.4}{Player}{subsection.2.1}% 11
\BOOKMARK [3][-]{subsubsection.2.1.5}{Result}{subsection.2.1}% 12
\BOOKMARK [3][-]{subsubsection.2.1.6}{Move}{subsection.2.1}% 13
\BOOKMARK [3][-]{subsubsection.2.1.7}{Pieces}{subsection.2.1}% 14
\BOOKMARK [2][-]{subsection.2.2}{GUI}{section.2}% 15
\BOOKMARK [3][-]{subsubsection.2.2.1}{Activities}{subsection.2.2}% 16
\BOOKMARK [3][-]{subsubsection.2.2.2}{Dialoge}{subsection.2.2}% 17
\BOOKMARK [2][-]{subsection.2.3}{ClientSocket}{section.2}% 18
\BOOKMARK [2][-]{subsection.2.4}{Server}{section.2}% 19
\BOOKMARK [1][-]{section.3}{Aktivit\344tsdiagramm}{}% 20
\BOOKMARK [1][-]{section.4}{Sequenzdiagramme}{}% 21
